<?xml version="1.0" encoding="UTF-8"?>
<!-- Generated by org.testng.reporters.JUnitReportReporter -->
<testsuite hostname="DESKTOP-L24NCKJ" failures="0" tests="1" name="com.testng.attributes.TimeOut" time="7.045" errors="1" timestamp="12 Oct 2023 23:53:17 GMT" skipped="0">
  <testcase classname="com.testng.attributes.TimeOut" name="searchJava" time="7.045">
    <error message="Method com.testng.attributes.TimeOut.searchJava() didn&#039;t finish within the time-out 7000" type="org.testng.internal.thread.ThreadTimeoutException">
      <![CDATA[org.testng.internal.thread.ThreadTimeoutException: Method com.testng.attributes.TimeOut.searchJava() didn't finish within the time-out 7000
at java.base@17.0.7/java.io.WinNTFileSystem.getBooleanAttributes(Native Method)
at java.base@17.0.7/java.io.FileSystem.hasBooleanAttributes(FileSystem.java:125)
at java.base@17.0.7/java.io.File.exists(File.java:834)
at java.base@17.0.7/jdk.internal.loader.URLClassPath$FileLoader.getResource(URLClassPath.java:1262)
at java.base@17.0.7/jdk.internal.loader.URLClassPath.getResource(URLClassPath.java:319)
at java.base@17.0.7/jdk.internal.loader.BuiltinClassLoader.findClassOnClassPathOrNull(BuiltinClassLoader.java:757)
at java.base@17.0.7/jdk.internal.loader.BuiltinClassLoader.loadClassOrNull(BuiltinClassLoader.java:681)
at java.base@17.0.7/jdk.internal.loader.BuiltinClassLoader.loadClass(BuiltinClassLoader.java:639)
at java.base@17.0.7/jdk.internal.loader.ClassLoaders$AppClassLoader.loadClass(ClassLoaders.java:188)
at java.base@17.0.7/java.lang.ClassLoader.loadClass(ClassLoader.java:520)
at app//org.openqa.selenium.remote.service.DriverCommandExecutor.execute(DriverCommandExecutor.java:173)
at app//org.openqa.selenium.remote.RemoteWebDriver.execute(RemoteWebDriver.java:602)
at app//org.openqa.selenium.remote.RemoteWebDriver.get(RemoteWebDriver.java:304)
at app//com.base.utils.BaseClass.loadUrl(BaseClass.java:97)
at app//com.testng.attributes.TimeOut.searchJava(TimeOut.java:15)
at java.base@17.0.7/jdk.internal.reflect.NativeMethodAccessorImpl.invoke0(Native Method)
at java.base@17.0.7/jdk.internal.reflect.NativeMethodAccessorImpl.invoke(NativeMethodAccessorImpl.java:77)
at java.base@17.0.7/jdk.internal.reflect.DelegatingMethodAccessorImpl.invoke(DelegatingMethodAccessorImpl.java:43)
at java.base@17.0.7/java.lang.reflect.Method.invoke(Method.java:568)
at app//org.testng.internal.MethodInvocationHelper.invokeMethod(MethodInvocationHelper.java:124)
at app//org.testng.internal.InvokeMethodRunnable.runOne(InvokeMethodRunnable.java:54)
at app//org.testng.internal.InvokeMethodRunnable.run(InvokeMethodRunnable.java:44)
at java.base@17.0.7/java.util.concurrent.Executors$RunnableAdapter.call(Executors.java:539)
at java.base@17.0.7/java.util.concurrent.FutureTask.run(FutureTask.java:264)
at java.base@17.0.7/java.util.concurrent.ThreadPoolExecutor.runWorker(ThreadPoolExecutor.java:1136)
at java.base@17.0.7/java.util.concurrent.ThreadPoolExecutor$Worker.run(ThreadPoolExecutor.java:635)
at java.base@17.0.7/java.lang.Thread.run(Thread.java:833)
]]>
    </error>
  </testcase> <!-- searchJava -->
</testsuite> <!-- com.testng.attributes.TimeOut -->
